<?xml version="1.0" encoding="UTF-8"?>
<TestRun id="27be172a-55c3-4e18-b380-5418d0f92908" name="amedinaj@PC7698 2013-12-18 15:21:51" runUser="MITYC\amedinaj" xmlns="http://microsoft.com/schemas/VisualStudio/TeamTest/2010">
  <TestSettings name="Local" id="0986dc83-d545-40fe-8404-a61d03624407">
    <Description>Esta es la configuración de pruebas predeterminada para una ejecución de pruebas local.</Description>
    <Deployment enabled="false" runDeploymentRoot="amedinaj_PC7698 2013-12-18 15_21_51">
      <DeploymentItem filename="C:\Documents and Settings\amedinaj\Mis documentos\Visual Studio 2010\Projects\GacPanel\GacManipulation\bin\Debug\GacManipulation.dll" />
    </Deployment>
    <Execution>
      <TestTypeSpecific />
      <AgentRule name="Execution Agents">
      </AgentRule>
    </Execution>
  </TestSettings>
  <Times creation="2013-12-18T15:21:51.0962711+01:00" queuing="2013-12-18T15:21:51.2368979+01:00" start="2013-12-18T15:21:51.2681483+01:00" finish="2013-12-18T15:21:52.5181643+01:00" />
  <ResultSummary outcome="Completed">
    <Counters total="3" executed="3" passed="3" error="0" failed="0" timeout="0" aborted="0" inconclusive="0" passedButRunAborted="0" notRunnable="0" notExecuted="0" disconnected="0" warning="0" completed="0" inProgress="0" pending="0" />
  </ResultSummary>
  <TestDefinitions>
    <UnitTest name="TestThereAreRedirections" storage="c:\documents and settings\amedinaj\mis documentos\visual studio 2010\projects\gacpanel\test\bin\debug\test.dll" id="c295c8eb-c794-9b4a-b0f3-786b6ef5d0d3">
      <Execution id="dd043131-9a7a-4a75-ace5-3c6c655ed517" />
      <TestMethod codeBase="C:/Documents and Settings/amedinaj/Mis documentos/Visual Studio 2010/Projects/GacPanel/Test/bin/Debug/Test.DLL" adapterTypeName="Microsoft.VisualStudio.TestTools.TestTypes.Unit.UnitTestAdapter, Microsoft.VisualStudio.QualityTools.Tips.UnitTest.Adapter, Version=10.0.0.0, Culture=neutral, PublicKeyToken=b03f5f7f11d50a3a" className="Test.MachineConfigFileTest, Test, Version=1.0.0.0, Culture=neutral, PublicKeyToken=null" name="TestThereAreRedirections" />
    </UnitTest>
    <UnitTest name="TestLoad" storage="c:\documents and settings\amedinaj\mis documentos\visual studio 2010\projects\gacpanel\test\bin\debug\test.dll" id="a6209171-6d87-2e8c-6f8d-34bb86e156d6">
      <Execution id="a97489e8-dce6-42cd-b510-851630ad4eb2" />
      <TestMethod codeBase="C:/Documents and Settings/amedinaj/Mis documentos/Visual Studio 2010/Projects/GacPanel/Test/bin/Debug/Test.DLL" adapterTypeName="Microsoft.VisualStudio.TestTools.TestTypes.Unit.UnitTestAdapter, Microsoft.VisualStudio.QualityTools.Tips.UnitTest.Adapter, Version=10.0.0.0, Culture=neutral, PublicKeyToken=b03f5f7f11d50a3a" className="Test.MachineConfigFileTest, Test, Version=1.0.0.0, Culture=neutral, PublicKeyToken=null" name="TestLoad" />
    </UnitTest>
    <UnitTest name="TestChangeDirective" storage="c:\documents and settings\amedinaj\mis documentos\visual studio 2010\projects\gacpanel\test\bin\debug\test.dll" id="35eb65eb-0a55-ebd0-1bc6-a18f872e7817">
      <Execution id="e14eb209-b397-4b40-9b57-c6791f0a3c85" />
      <TestMethod codeBase="C:/Documents and Settings/amedinaj/Mis documentos/Visual Studio 2010/Projects/GacPanel/Test/bin/Debug/Test.DLL" adapterTypeName="Microsoft.VisualStudio.TestTools.TestTypes.Unit.UnitTestAdapter, Microsoft.VisualStudio.QualityTools.Tips.UnitTest.Adapter, Version=10.0.0.0, Culture=neutral, PublicKeyToken=b03f5f7f11d50a3a" className="Test.MachineConfigFileTest, Test, Version=1.0.0.0, Culture=neutral, PublicKeyToken=null" name="TestChangeDirective" />
    </UnitTest>
  </TestDefinitions>
  <TestLists>
    <TestList name="Resultados que no están en la lista" id="8c84fa94-04c1-424b-9868-57a2d4851a1d" />
    <TestList name="Todos los resultados cargados" id="19431567-8539-422a-85d7-44ee4e166bda" />
  </TestLists>
  <TestEntries>
    <TestEntry testId="35eb65eb-0a55-ebd0-1bc6-a18f872e7817" executionId="e14eb209-b397-4b40-9b57-c6791f0a3c85" testListId="8c84fa94-04c1-424b-9868-57a2d4851a1d" />
    <TestEntry testId="a6209171-6d87-2e8c-6f8d-34bb86e156d6" executionId="a97489e8-dce6-42cd-b510-851630ad4eb2" testListId="8c84fa94-04c1-424b-9868-57a2d4851a1d" />
    <TestEntry testId="c295c8eb-c794-9b4a-b0f3-786b6ef5d0d3" executionId="dd043131-9a7a-4a75-ace5-3c6c655ed517" testListId="8c84fa94-04c1-424b-9868-57a2d4851a1d" />
  </TestEntries>
  <Results>
    <UnitTestResult executionId="e14eb209-b397-4b40-9b57-c6791f0a3c85" testId="35eb65eb-0a55-ebd0-1bc6-a18f872e7817" testName="TestChangeDirective" computerName="PC7698" duration="00:00:00.2535118" startTime="2013-12-18T15:21:51.2681483+01:00" endTime="2013-12-18T15:21:52.1119091+01:00" testType="13cdc9d9-ddb5-4fa4-a97d-d965ccfc6d4b" outcome="Passed" testListId="8c84fa94-04c1-424b-9868-57a2d4851a1d" relativeResultsDirectory="e14eb209-b397-4b40-9b57-c6791f0a3c85">
    </UnitTestResult>
    <UnitTestResult executionId="a97489e8-dce6-42cd-b510-851630ad4eb2" testId="a6209171-6d87-2e8c-6f8d-34bb86e156d6" testName="TestLoad" computerName="PC7698" duration="00:00:00.0023142" startTime="2013-12-18T15:21:52.1119091+01:00" endTime="2013-12-18T15:21:52.1275343+01:00" testType="13cdc9d9-ddb5-4fa4-a97d-d965ccfc6d4b" outcome="Passed" testListId="8c84fa94-04c1-424b-9868-57a2d4851a1d" relativeResultsDirectory="a97489e8-dce6-42cd-b510-851630ad4eb2">
    </UnitTestResult>
    <UnitTestResult executionId="dd043131-9a7a-4a75-ace5-3c6c655ed517" testId="c295c8eb-c794-9b4a-b0f3-786b6ef5d0d3" testName="TestThereAreRedirections" computerName="PC7698" duration="00:00:00.0024483" startTime="2013-12-18T15:21:52.1431595+01:00" endTime="2013-12-18T15:21:52.1431595+01:00" testType="13cdc9d9-ddb5-4fa4-a97d-d965ccfc6d4b" outcome="Passed" testListId="8c84fa94-04c1-424b-9868-57a2d4851a1d" relativeResultsDirectory="dd043131-9a7a-4a75-ace5-3c6c655ed517">
    </UnitTestResult>
  </Results>
</TestRun>