<?xml version="1.0" encoding="UTF-8"?>
<TestRun id="65e64d80-071c-4126-bcee-fe7ef0c54f5e" name="amedinaj@PC7698 2013-12-18 17:43:46" runUser="MITYC\amedinaj" xmlns="http://microsoft.com/schemas/VisualStudio/TeamTest/2010">
  <TestSettings name="Local" id="0986dc83-d545-40fe-8404-a61d03624407">
    <Description>Esta es la configuración de pruebas predeterminada para una ejecución de pruebas local.</Description>
    <Deployment enabled="false" runDeploymentRoot="amedinaj_PC7698 2013-12-18 17_43_46">
      <DeploymentItem filename="C:\Documents and Settings\amedinaj\Mis documentos\Visual Studio 2010\Projects\GacPanel\packages\Mono.Cecil.0.9.5.4\lib\net40\Mono.Cecil.Mdb.dll" />
      <DeploymentItem filename="C:\Documents and Settings\amedinaj\Mis documentos\Visual Studio 2010\Projects\GacPanel\packages\Mono.Cecil.0.9.5.4\lib\net40\Mono.Cecil.Pdb.dll" />
      <DeploymentItem filename="C:\Documents and Settings\amedinaj\Mis documentos\Visual Studio 2010\Projects\GacPanel\packages\Mono.Cecil.0.9.5.4\lib\net40\Mono.Cecil.Rocks.dll" />
      <DeploymentItem filename="C:\Documents and Settings\amedinaj\Mis documentos\Visual Studio 2010\Projects\GacPanel\Test\bin\Debug\Mono.Cecil.dll" />
      <DeploymentItem filename="C:\Documents and Settings\amedinaj\Mis documentos\Visual Studio 2010\Projects\GacPanel\GacManipulation\bin\Debug\GacManipulation.dll" />
    </Deployment>
    <Execution>
      <TestTypeSpecific />
      <AgentRule name="Execution Agents">
      </AgentRule>
    </Execution>
  </TestSettings>
  <Times creation="2013-12-18T17:43:46.9197806+01:00" queuing="2013-12-18T17:43:55.5592998+01:00" start="2013-12-18T17:43:56.0427386+01:00" finish="2013-12-18T17:44:33.2831210+01:00" />
  <ResultSummary outcome="Error">
    <Counters total="1" executed="1" error="0" failed="0" timeout="0" aborted="1" inconclusive="0" passedButRunAborted="0" notRunnable="0" notExecuted="0" disconnected="0" warning="0" passed="0" completed="0" inProgress="0" pending="0" />
    <RunInfos>
      <RunInfo computerName="PC7698" outcome="Error" timestamp="2013-12-18T17:44:33.2831210+01:00">
        <Text>El proceso del host de pruebas terminó inesperadamente.</Text>
      </RunInfo>
    </RunInfos>
  </ResultSummary>
  <TestDefinitions>
    <UnitTest name="SuggestAndApplyTest" storage="c:\documents and settings\amedinaj\mis documentos\visual studio 2010\projects\gacpanel\test\bin\debug\test.dll" id="f715f6e9-b44b-72a9-ec51-28fbf72e72ee">
      <Execution id="67ec549c-3dd9-4356-b22b-c978155d703f" />
      <TestMethod codeBase="C:/Documents and Settings/amedinaj/Mis documentos/Visual Studio 2010/Projects/GacPanel/Test/bin/Debug/Test.DLL" adapterTypeName="Microsoft.VisualStudio.TestTools.TestTypes.Unit.UnitTestAdapter, Microsoft.VisualStudio.QualityTools.Tips.UnitTest.Adapter, Version=10.0.0.0, Culture=neutral, PublicKeyToken=b03f5f7f11d50a3a" className="Test.DirectiveResolverTest, Test, Version=1.0.0.0, Culture=neutral, PublicKeyToken=null" name="SuggestAndApplyTest" />
    </UnitTest>
  </TestDefinitions>
  <TestLists>
    <TestList name="Resultados que no están en la lista" id="8c84fa94-04c1-424b-9868-57a2d4851a1d" />
    <TestList name="Todos los resultados cargados" id="19431567-8539-422a-85d7-44ee4e166bda" />
  </TestLists>
  <TestEntries>
    <TestEntry testId="f715f6e9-b44b-72a9-ec51-28fbf72e72ee" executionId="67ec549c-3dd9-4356-b22b-c978155d703f" testListId="8c84fa94-04c1-424b-9868-57a2d4851a1d" />
  </TestEntries>
  <Results>
    <UnitTestResult executionId="67ec549c-3dd9-4356-b22b-c978155d703f" testId="f715f6e9-b44b-72a9-ec51-28fbf72e72ee" testName="SuggestAndApplyTest" computerName="PC7698" duration="00:00:36.9128916" startTime="2013-12-18T17:43:56.3702294+01:00" endTime="2013-12-18T17:44:33.2831210+01:00" testType="13cdc9d9-ddb5-4fa4-a97d-d965ccfc6d4b" outcome="Aborted" testListId="8c84fa94-04c1-424b-9868-57a2d4851a1d" relativeResultsDirectory="67ec549c-3dd9-4356-b22b-c978155d703f">
    </UnitTestResult>
  </Results>
</TestRun>