<?xml version="1.0" encoding="UTF-8"?>
<TestRun id="94878098-60b0-4291-9f50-fbdea0a80249" name="amedinaj@PC7698 2013-12-18 15:18:29" runUser="MITYC\amedinaj" xmlns="http://microsoft.com/schemas/VisualStudio/TeamTest/2010">
  <TestSettings name="Local" id="0986dc83-d545-40fe-8404-a61d03624407">
    <Description>Esta es la configuración de pruebas predeterminada para una ejecución de pruebas local.</Description>
    <Deployment enabled="false" runDeploymentRoot="amedinaj_PC7698 2013-12-18 15_18_29">
      <DeploymentItem filename="C:\Documents and Settings\amedinaj\Mis documentos\Visual Studio 2010\Projects\GacPanel\GacManipulation\bin\Debug\GacManipulation.dll" />
    </Deployment>
    <Execution>
      <TestTypeSpecific />
      <AgentRule name="Execution Agents">
      </AgentRule>
    </Execution>
  </TestSettings>
  <Times creation="2013-12-18T15:18:29.8436951+01:00" queuing="2013-12-18T15:18:46.5470339+01:00" start="2013-12-18T15:18:47.7657995+01:00" finish="2013-12-18T15:20:40.6422443+01:00" />
  <ResultSummary outcome="Error">
    <Counters total="3" executed="1" error="0" failed="0" timeout="0" aborted="1" inconclusive="0" passedButRunAborted="0" notRunnable="0" notExecuted="2" disconnected="0" warning="0" passed="0" completed="0" inProgress="0" pending="0" />
    <RunInfos>
      <RunInfo computerName="PC7698" outcome="Error" timestamp="2013-12-18T15:20:40.5641183+01:00">
        <Text>El proceso del host de pruebas terminó inesperadamente.</Text>
      </RunInfo>
    </RunInfos>
  </ResultSummary>
  <TestDefinitions>
    <UnitTest name="TestThereAreRedirections" storage="c:\documents and settings\amedinaj\mis documentos\visual studio 2010\projects\gacpanel\test\bin\debug\test.dll" id="c295c8eb-c794-9b4a-b0f3-786b6ef5d0d3">
      <Execution id="ea564597-ffb0-48ff-b045-d98f70e04a7c" />
      <TestMethod codeBase="C:/Documents and Settings/amedinaj/Mis documentos/Visual Studio 2010/Projects/GacPanel/Test/bin/Debug/Test.DLL" adapterTypeName="Microsoft.VisualStudio.TestTools.TestTypes.Unit.UnitTestAdapter, Microsoft.VisualStudio.QualityTools.Tips.UnitTest.Adapter, Version=10.0.0.0, Culture=neutral, PublicKeyToken=b03f5f7f11d50a3a" className="Test.MachineConfigFileTest, Test, Version=1.0.0.0, Culture=neutral, PublicKeyToken=null" name="TestThereAreRedirections" />
    </UnitTest>
    <UnitTest name="TestLoad" storage="c:\documents and settings\amedinaj\mis documentos\visual studio 2010\projects\gacpanel\test\bin\debug\test.dll" id="a6209171-6d87-2e8c-6f8d-34bb86e156d6">
      <Execution id="c7e37faa-d4b7-407f-9429-03fddf883ed2" />
      <TestMethod codeBase="C:/Documents and Settings/amedinaj/Mis documentos/Visual Studio 2010/Projects/GacPanel/Test/bin/Debug/Test.DLL" adapterTypeName="Microsoft.VisualStudio.TestTools.TestTypes.Unit.UnitTestAdapter, Microsoft.VisualStudio.QualityTools.Tips.UnitTest.Adapter, Version=10.0.0.0, Culture=neutral, PublicKeyToken=b03f5f7f11d50a3a" className="Test.MachineConfigFileTest, Test, Version=1.0.0.0, Culture=neutral, PublicKeyToken=null" name="TestLoad" />
    </UnitTest>
    <UnitTest name="TestChangeDirective" storage="c:\documents and settings\amedinaj\mis documentos\visual studio 2010\projects\gacpanel\test\bin\debug\test.dll" id="35eb65eb-0a55-ebd0-1bc6-a18f872e7817">
      <Execution id="9a248d93-9420-4ade-b911-8348061dc257" />
      <TestMethod codeBase="C:/Documents and Settings/amedinaj/Mis documentos/Visual Studio 2010/Projects/GacPanel/Test/bin/Debug/Test.DLL" adapterTypeName="Microsoft.VisualStudio.TestTools.TestTypes.Unit.UnitTestAdapter, Microsoft.VisualStudio.QualityTools.Tips.UnitTest.Adapter, Version=10.0.0.0, Culture=neutral, PublicKeyToken=b03f5f7f11d50a3a" className="Test.MachineConfigFileTest, Test, Version=1.0.0.0, Culture=neutral, PublicKeyToken=null" name="TestChangeDirective" />
    </UnitTest>
  </TestDefinitions>
  <TestLists>
    <TestList name="Resultados que no están en la lista" id="8c84fa94-04c1-424b-9868-57a2d4851a1d" />
    <TestList name="Todos los resultados cargados" id="19431567-8539-422a-85d7-44ee4e166bda" />
  </TestLists>
  <TestEntries>
    <TestEntry testId="35eb65eb-0a55-ebd0-1bc6-a18f872e7817" executionId="9a248d93-9420-4ade-b911-8348061dc257" testListId="8c84fa94-04c1-424b-9868-57a2d4851a1d" />
    <TestEntry testId="a6209171-6d87-2e8c-6f8d-34bb86e156d6" executionId="c7e37faa-d4b7-407f-9429-03fddf883ed2" testListId="8c84fa94-04c1-424b-9868-57a2d4851a1d" />
    <TestEntry testId="c295c8eb-c794-9b4a-b0f3-786b6ef5d0d3" executionId="ea564597-ffb0-48ff-b045-d98f70e04a7c" testListId="8c84fa94-04c1-424b-9868-57a2d4851a1d" />
  </TestEntries>
  <Results>
    <UnitTestResult executionId="9a248d93-9420-4ade-b911-8348061dc257" testId="35eb65eb-0a55-ebd0-1bc6-a18f872e7817" testName="TestChangeDirective" computerName="PC7698" duration="00:01:52.5795660" startTime="2013-12-18T15:18:48.0626783+01:00" endTime="2013-12-18T15:20:40.6422443+01:00" testType="13cdc9d9-ddb5-4fa4-a97d-d965ccfc6d4b" outcome="Aborted" testListId="8c84fa94-04c1-424b-9868-57a2d4851a1d" relativeResultsDirectory="9a248d93-9420-4ade-b911-8348061dc257">
    </UnitTestResult>
    <UnitTestResult executionId="c7e37faa-d4b7-407f-9429-03fddf883ed2" testId="a6209171-6d87-2e8c-6f8d-34bb86e156d6" testName="TestLoad" computerName="PC7698" testType="13cdc9d9-ddb5-4fa4-a97d-d965ccfc6d4b" outcome="NotExecuted" testListId="8c84fa94-04c1-424b-9868-57a2d4851a1d" relativeResultsDirectory="c7e37faa-d4b7-407f-9429-03fddf883ed2">
    </UnitTestResult>
    <UnitTestResult executionId="ea564597-ffb0-48ff-b045-d98f70e04a7c" testId="c295c8eb-c794-9b4a-b0f3-786b6ef5d0d3" testName="TestThereAreRedirections" computerName="PC7698" testType="13cdc9d9-ddb5-4fa4-a97d-d965ccfc6d4b" outcome="NotExecuted" testListId="8c84fa94-04c1-424b-9868-57a2d4851a1d" relativeResultsDirectory="ea564597-ffb0-48ff-b045-d98f70e04a7c">
    </UnitTestResult>
  </Results>
</TestRun>