<?xml version="1.0" encoding="UTF-8"?>
<TestRun id="225fb860-fb2b-49d3-845a-bc6e73155630" name="amedinaj@PC7698 2013-12-18 12:20:20" runUser="MITYC\amedinaj" xmlns="http://microsoft.com/schemas/VisualStudio/TeamTest/2010">
  <TestSettings name="Local" id="0986dc83-d545-40fe-8404-a61d03624407">
    <Description>Esta es la configuración de pruebas predeterminada para una ejecución de pruebas local.</Description>
    <Deployment enabled="false" runDeploymentRoot="amedinaj_PC7698 2013-12-18 12_20_20">
      <DeploymentItem filename="C:\Documents and Settings\amedinaj\Mis documentos\Visual Studio 2010\Projects\GacPanel\GacPanel\bin\GacPanel.dll" />
    </Deployment>
    <Execution>
      <TestTypeSpecific />
      <AgentRule name="Execution Agents">
      </AgentRule>
    </Execution>
  </TestSettings>
  <Times creation="2013-12-18T12:20:20.1953076+01:00" queuing="2013-12-18T12:20:29.1844214+01:00" start="2013-12-18T12:20:29.5576718+01:00" finish="2013-12-18T12:20:32.7769565+01:00" />
  <ResultSummary outcome="Completed">
    <Counters total="1" executed="1" passed="1" error="0" failed="0" timeout="0" aborted="0" inconclusive="0" passedButRunAborted="0" notRunnable="0" notExecuted="0" disconnected="0" warning="0" completed="0" inProgress="0" pending="0" />
  </ResultSummary>
  <TestDefinitions>
    <UnitTest name="TestChangeDirective" storage="c:\documents and settings\amedinaj\mis documentos\visual studio 2010\projects\gacpanel\test\bin\debug\test.dll" id="612f4c5a-94b8-f977-bfd0-aef876dfe47f">
      <Execution id="31e15801-cc14-497e-8946-0f903f72e551" />
      <TestMethod codeBase="C:/Documents and Settings/amedinaj/Mis documentos/Visual Studio 2010/Projects/GacPanel/Test/bin/Debug/Test.DLL" adapterTypeName="Microsoft.VisualStudio.TestTools.TestTypes.Unit.UnitTestAdapter, Microsoft.VisualStudio.QualityTools.Tips.UnitTest.Adapter, Version=10.0.0.0, Culture=neutral, PublicKeyToken=b03f5f7f11d50a3a" className="Test.MachineConfigTest, Test, Version=1.0.0.0, Culture=neutral, PublicKeyToken=null" name="TestChangeDirective" />
    </UnitTest>
  </TestDefinitions>
  <TestLists>
    <TestList name="Resultados que no están en la lista" id="8c84fa94-04c1-424b-9868-57a2d4851a1d" />
    <TestList name="Todos los resultados cargados" id="19431567-8539-422a-85d7-44ee4e166bda" />
  </TestLists>
  <TestEntries>
    <TestEntry testId="612f4c5a-94b8-f977-bfd0-aef876dfe47f" executionId="31e15801-cc14-497e-8946-0f903f72e551" testListId="8c84fa94-04c1-424b-9868-57a2d4851a1d" />
  </TestEntries>
  <Results>
    <UnitTestResult executionId="31e15801-cc14-497e-8946-0f903f72e551" testId="612f4c5a-94b8-f977-bfd0-aef876dfe47f" testName="TestChangeDirective" computerName="PC7698" duration="00:00:00.2846655" startTime="2013-12-18T12:20:29.8065054+01:00" endTime="2013-12-18T12:20:32.4814666+01:00" testType="13cdc9d9-ddb5-4fa4-a97d-d965ccfc6d4b" outcome="Passed" testListId="8c84fa94-04c1-424b-9868-57a2d4851a1d" relativeResultsDirectory="31e15801-cc14-497e-8946-0f903f72e551">
    </UnitTestResult>
  </Results>
</TestRun>