<?xml version="1.0" encoding="UTF-8"?>
<TestRun id="97ccdce5-1dab-498f-9776-6b674a596465" name="amedinaj@PC7698 2013-12-18 17:21:29" runUser="MITYC\amedinaj" xmlns="http://microsoft.com/schemas/VisualStudio/TeamTest/2010">
  <TestSettings name="Local" id="0986dc83-d545-40fe-8404-a61d03624407">
    <Description>Esta es la configuración de pruebas predeterminada para una ejecución de pruebas local.</Description>
    <Deployment enabled="false" runDeploymentRoot="amedinaj_PC7698 2013-12-18 17_21_29">
      <DeploymentItem filename="C:\Documents and Settings\amedinaj\Mis documentos\Visual Studio 2010\Projects\GacPanel\packages\Mono.Cecil.0.9.5.4\lib\net40\Mono.Cecil.Mdb.dll" />
      <DeploymentItem filename="C:\Documents and Settings\amedinaj\Mis documentos\Visual Studio 2010\Projects\GacPanel\packages\Mono.Cecil.0.9.5.4\lib\net40\Mono.Cecil.Pdb.dll" />
      <DeploymentItem filename="C:\Documents and Settings\amedinaj\Mis documentos\Visual Studio 2010\Projects\GacPanel\packages\Mono.Cecil.0.9.5.4\lib\net40\Mono.Cecil.Rocks.dll" />
      <DeploymentItem filename="C:\Documents and Settings\amedinaj\Mis documentos\Visual Studio 2010\Projects\GacPanel\Test\bin\Debug\Mono.Cecil.dll" />
      <DeploymentItem filename="C:\Documents and Settings\amedinaj\Mis documentos\Visual Studio 2010\Projects\GacPanel\GacManipulation\bin\Debug\GacManipulation.dll" />
    </Deployment>
    <Execution>
      <TestTypeSpecific />
      <AgentRule name="Execution Agents">
      </AgentRule>
    </Execution>
  </TestSettings>
  <Times creation="2013-12-18T17:21:29.7967821+01:00" queuing="2013-12-18T17:21:49.4769327+01:00" start="2013-12-18T17:21:50.3087094+01:00" finish="2013-12-18T17:23:33.6373470+01:00" />
  <ResultSummary outcome="Error">
    <Counters total="1" executed="1" error="0" failed="0" timeout="0" aborted="1" inconclusive="0" passedButRunAborted="0" notRunnable="0" notExecuted="0" disconnected="0" warning="0" passed="0" completed="0" inProgress="0" pending="0" />
    <RunInfos>
      <RunInfo computerName="PC7698" outcome="Error" timestamp="2013-12-18T17:23:33.6059592+01:00">
        <Text>El proceso del host de pruebas terminó inesperadamente.</Text>
      </RunInfo>
    </RunInfos>
  </ResultSummary>
  <TestDefinitions>
    <UnitTest name="SuggestTest" storage="c:\documents and settings\amedinaj\mis documentos\visual studio 2010\projects\gacpanel\test\bin\debug\test.dll" id="072da995-9368-c31f-4f67-02e6b5ac48d7">
      <Execution id="55de888c-c426-4dac-b08e-5cb94b17d3e8" />
      <TestMethod codeBase="C:/Documents and Settings/amedinaj/Mis documentos/Visual Studio 2010/Projects/GacPanel/Test/bin/Debug/Test.DLL" adapterTypeName="Microsoft.VisualStudio.TestTools.TestTypes.Unit.UnitTestAdapter, Microsoft.VisualStudio.QualityTools.Tips.UnitTest.Adapter, Version=10.0.0.0, Culture=neutral, PublicKeyToken=b03f5f7f11d50a3a" className="Test.DirectiveResolverTest, Test, Version=1.0.0.0, Culture=neutral, PublicKeyToken=null" name="SuggestTest" />
    </UnitTest>
  </TestDefinitions>
  <TestLists>
    <TestList name="Resultados que no están en la lista" id="8c84fa94-04c1-424b-9868-57a2d4851a1d" />
    <TestList name="Todos los resultados cargados" id="19431567-8539-422a-85d7-44ee4e166bda" />
  </TestLists>
  <TestEntries>
    <TestEntry testId="072da995-9368-c31f-4f67-02e6b5ac48d7" executionId="55de888c-c426-4dac-b08e-5cb94b17d3e8" testListId="8c84fa94-04c1-424b-9868-57a2d4851a1d" />
  </TestEntries>
  <Results>
    <UnitTestResult executionId="55de888c-c426-4dac-b08e-5cb94b17d3e8" testId="072da995-9368-c31f-4f67-02e6b5ac48d7" testName="SuggestTest" computerName="PC7698" duration="00:01:42.9519840" startTime="2013-12-18T17:21:50.6853630+01:00" endTime="2013-12-18T17:23:33.6373470+01:00" testType="13cdc9d9-ddb5-4fa4-a97d-d965ccfc6d4b" outcome="Aborted" testListId="8c84fa94-04c1-424b-9868-57a2d4851a1d" relativeResultsDirectory="55de888c-c426-4dac-b08e-5cb94b17d3e8">
    </UnitTestResult>
  </Results>
</TestRun>