<?xml version="1.0" encoding="UTF-8"?>
<TestRun id="a0a37375-1d0f-43cf-b02d-11d50c3e6ed9" name="amedinaj@PC7698 2013-12-18 18:32:02" runUser="MITYC\amedinaj" xmlns="http://microsoft.com/schemas/VisualStudio/TeamTest/2010">
  <TestSettings name="Local" id="0986dc83-d545-40fe-8404-a61d03624407">
    <Description>Esta es la configuración de pruebas predeterminada para una ejecución de pruebas local.</Description>
    <Deployment enabled="false" runDeploymentRoot="amedinaj_PC7698 2013-12-18 18_32_02">
      <DeploymentItem filename="C:\Documents and Settings\amedinaj\Mis documentos\Visual Studio 2010\Projects\GacPanel\packages\Mono.Cecil.0.9.5.4\lib\net40\Mono.Cecil.Mdb.dll" />
      <DeploymentItem filename="C:\Documents and Settings\amedinaj\Mis documentos\Visual Studio 2010\Projects\GacPanel\packages\Mono.Cecil.0.9.5.4\lib\net40\Mono.Cecil.Pdb.dll" />
      <DeploymentItem filename="C:\Documents and Settings\amedinaj\Mis documentos\Visual Studio 2010\Projects\GacPanel\packages\Mono.Cecil.0.9.5.4\lib\net40\Mono.Cecil.Rocks.dll" />
      <DeploymentItem filename="C:\Documents and Settings\amedinaj\Mis documentos\Visual Studio 2010\Projects\GacPanel\Test\bin\Debug\Mono.Cecil.dll" />
      <DeploymentItem filename="C:\Documents and Settings\amedinaj\Mis documentos\Visual Studio 2010\Projects\GacPanel\GacManipulation\bin\Debug\GacManipulation.dll" />
    </Deployment>
    <Execution>
      <TestTypeSpecific />
      <AgentRule name="Execution Agents">
      </AgentRule>
    </Execution>
  </TestSettings>
  <Times creation="2013-12-18T18:32:02.4674214+01:00" queuing="2013-12-18T18:32:02.6390676+01:00" start="2013-12-18T18:32:02.7795054+01:00" finish="2013-12-18T18:32:03.8093826+01:00" />
  <ResultSummary outcome="Completed">
    <Counters total="6" executed="6" passed="6" error="0" failed="0" timeout="0" aborted="0" inconclusive="0" passedButRunAborted="0" notRunnable="0" notExecuted="0" disconnected="0" warning="0" completed="0" inProgress="0" pending="0" />
  </ResultSummary>
  <TestDefinitions>
    <UnitTest name="TestChangeDirective" storage="c:\documents and settings\amedinaj\mis documentos\visual studio 2010\projects\gacpanel\test\bin\debug\test.dll" id="35eb65eb-0a55-ebd0-1bc6-a18f872e7817">
      <Execution id="96613972-ad51-4a8f-8af4-7a907dce2cb0" />
      <TestMethod codeBase="C:/Documents and Settings/amedinaj/Mis documentos/Visual Studio 2010/Projects/GacPanel/Test/bin/Debug/Test.DLL" adapterTypeName="Microsoft.VisualStudio.TestTools.TestTypes.Unit.UnitTestAdapter, Microsoft.VisualStudio.QualityTools.Tips.UnitTest.Adapter, Version=10.0.0.0, Culture=neutral, PublicKeyToken=b03f5f7f11d50a3a" className="Test.MachineConfigFileTest, Test, Version=1.0.0.0, Culture=neutral, PublicKeyToken=null" name="TestChangeDirective" />
    </UnitTest>
    <UnitTest name="SuggestAndApplyTest" storage="c:\documents and settings\amedinaj\mis documentos\visual studio 2010\projects\gacpanel\test\bin\debug\test.dll" id="f715f6e9-b44b-72a9-ec51-28fbf72e72ee">
      <Execution id="514a519e-0e92-48f4-9038-9d43aa8fc655" />
      <TestMethod codeBase="C:/Documents and Settings/amedinaj/Mis documentos/Visual Studio 2010/Projects/GacPanel/Test/bin/Debug/Test.DLL" adapterTypeName="Microsoft.VisualStudio.TestTools.TestTypes.Unit.UnitTestAdapter, Microsoft.VisualStudio.QualityTools.Tips.UnitTest.Adapter, Version=10.0.0.0, Culture=neutral, PublicKeyToken=b03f5f7f11d50a3a" className="Test.DirectiveResolverTest, Test, Version=1.0.0.0, Culture=neutral, PublicKeyToken=null" name="SuggestAndApplyTest" />
    </UnitTest>
    <UnitTest name="TestLoad" storage="c:\documents and settings\amedinaj\mis documentos\visual studio 2010\projects\gacpanel\test\bin\debug\test.dll" id="a6209171-6d87-2e8c-6f8d-34bb86e156d6">
      <Execution id="e1591d02-6627-4fda-8843-175c3b3b9138" />
      <TestMethod codeBase="C:/Documents and Settings/amedinaj/Mis documentos/Visual Studio 2010/Projects/GacPanel/Test/bin/Debug/Test.DLL" adapterTypeName="Microsoft.VisualStudio.TestTools.TestTypes.Unit.UnitTestAdapter, Microsoft.VisualStudio.QualityTools.Tips.UnitTest.Adapter, Version=10.0.0.0, Culture=neutral, PublicKeyToken=b03f5f7f11d50a3a" className="Test.MachineConfigFileTest, Test, Version=1.0.0.0, Culture=neutral, PublicKeyToken=null" name="TestLoad" />
    </UnitTest>
    <UnitTest name="SuggestTest" storage="c:\documents and settings\amedinaj\mis documentos\visual studio 2010\projects\gacpanel\test\bin\debug\test.dll" id="072da995-9368-c31f-4f67-02e6b5ac48d7">
      <Execution id="595ea14e-a625-4610-b283-05c9cdbf3b47" />
      <TestMethod codeBase="C:/Documents and Settings/amedinaj/Mis documentos/Visual Studio 2010/Projects/GacPanel/Test/bin/Debug/Test.DLL" adapterTypeName="Microsoft.VisualStudio.TestTools.TestTypes.Unit.UnitTestAdapter, Microsoft.VisualStudio.QualityTools.Tips.UnitTest.Adapter, Version=10.0.0.0, Culture=neutral, PublicKeyToken=b03f5f7f11d50a3a" className="Test.DirectiveResolverTest, Test, Version=1.0.0.0, Culture=neutral, PublicKeyToken=null" name="SuggestTest" />
    </UnitTest>
    <UnitTest name="TestGetMd5" storage="c:\documents and settings\amedinaj\mis documentos\visual studio 2010\projects\gacpanel\test\bin\debug\test.dll" id="0eb39fbb-fe34-46ed-24d7-431b6fbe86d8">
      <Execution id="f3f09aa1-9fe3-433b-91a0-73ebacea0827" />
      <TestMethod codeBase="C:/Documents and Settings/amedinaj/Mis documentos/Visual Studio 2010/Projects/GacPanel/Test/bin/Debug/Test.DLL" adapterTypeName="Microsoft.VisualStudio.TestTools.TestTypes.Unit.UnitTestAdapter, Microsoft.VisualStudio.QualityTools.Tips.UnitTest.Adapter, Version=10.0.0.0, Culture=neutral, PublicKeyToken=b03f5f7f11d50a3a" className="Test.MachineConfigFileTest, Test, Version=1.0.0.0, Culture=neutral, PublicKeyToken=null" name="TestGetMd5" />
    </UnitTest>
    <UnitTest name="TestThereAreRedirections" storage="c:\documents and settings\amedinaj\mis documentos\visual studio 2010\projects\gacpanel\test\bin\debug\test.dll" id="c295c8eb-c794-9b4a-b0f3-786b6ef5d0d3">
      <Execution id="9d2de48f-1d1a-4791-8b83-24d08ca6a926" />
      <TestMethod codeBase="C:/Documents and Settings/amedinaj/Mis documentos/Visual Studio 2010/Projects/GacPanel/Test/bin/Debug/Test.DLL" adapterTypeName="Microsoft.VisualStudio.TestTools.TestTypes.Unit.UnitTestAdapter, Microsoft.VisualStudio.QualityTools.Tips.UnitTest.Adapter, Version=10.0.0.0, Culture=neutral, PublicKeyToken=b03f5f7f11d50a3a" className="Test.MachineConfigFileTest, Test, Version=1.0.0.0, Culture=neutral, PublicKeyToken=null" name="TestThereAreRedirections" />
    </UnitTest>
  </TestDefinitions>
  <TestLists>
    <TestList name="Resultados que no están en la lista" id="8c84fa94-04c1-424b-9868-57a2d4851a1d" />
    <TestList name="Todos los resultados cargados" id="19431567-8539-422a-85d7-44ee4e166bda" />
  </TestLists>
  <TestEntries>
    <TestEntry testId="072da995-9368-c31f-4f67-02e6b5ac48d7" executionId="595ea14e-a625-4610-b283-05c9cdbf3b47" testListId="8c84fa94-04c1-424b-9868-57a2d4851a1d" />
    <TestEntry testId="0eb39fbb-fe34-46ed-24d7-431b6fbe86d8" executionId="f3f09aa1-9fe3-433b-91a0-73ebacea0827" testListId="8c84fa94-04c1-424b-9868-57a2d4851a1d" />
    <TestEntry testId="35eb65eb-0a55-ebd0-1bc6-a18f872e7817" executionId="96613972-ad51-4a8f-8af4-7a907dce2cb0" testListId="8c84fa94-04c1-424b-9868-57a2d4851a1d" />
    <TestEntry testId="a6209171-6d87-2e8c-6f8d-34bb86e156d6" executionId="e1591d02-6627-4fda-8843-175c3b3b9138" testListId="8c84fa94-04c1-424b-9868-57a2d4851a1d" />
    <TestEntry testId="c295c8eb-c794-9b4a-b0f3-786b6ef5d0d3" executionId="9d2de48f-1d1a-4791-8b83-24d08ca6a926" testListId="8c84fa94-04c1-424b-9868-57a2d4851a1d" />
    <TestEntry testId="f715f6e9-b44b-72a9-ec51-28fbf72e72ee" executionId="514a519e-0e92-48f4-9038-9d43aa8fc655" testListId="8c84fa94-04c1-424b-9868-57a2d4851a1d" />
  </TestEntries>
  <Results>
    <UnitTestResult executionId="595ea14e-a625-4610-b283-05c9cdbf3b47" testId="072da995-9368-c31f-4f67-02e6b5ac48d7" testName="SuggestTest" computerName="PC7698" duration="00:00:00.1207186" startTime="2013-12-18T18:32:02.9199432+01:00" endTime="2013-12-18T18:32:03.6221322+01:00" testType="13cdc9d9-ddb5-4fa4-a97d-d965ccfc6d4b" outcome="Passed" testListId="8c84fa94-04c1-424b-9868-57a2d4851a1d" relativeResultsDirectory="595ea14e-a625-4610-b283-05c9cdbf3b47">
    </UnitTestResult>
    <UnitTestResult executionId="f3f09aa1-9fe3-433b-91a0-73ebacea0827" testId="0eb39fbb-fe34-46ed-24d7-431b6fbe86d8" testName="TestGetMd5" computerName="PC7698" duration="00:00:00.0036370" startTime="2013-12-18T18:32:03.6377364+01:00" endTime="2013-12-18T18:32:03.6533406+01:00" testType="13cdc9d9-ddb5-4fa4-a97d-d965ccfc6d4b" outcome="Passed" testListId="8c84fa94-04c1-424b-9868-57a2d4851a1d" relativeResultsDirectory="f3f09aa1-9fe3-433b-91a0-73ebacea0827">
    </UnitTestResult>
    <UnitTestResult executionId="96613972-ad51-4a8f-8af4-7a907dce2cb0" testId="35eb65eb-0a55-ebd0-1bc6-a18f872e7817" testName="TestChangeDirective" computerName="PC7698" duration="00:00:00.0372770" startTime="2013-12-18T18:32:03.6533406+01:00" endTime="2013-12-18T18:32:03.7001532+01:00" testType="13cdc9d9-ddb5-4fa4-a97d-d965ccfc6d4b" outcome="Passed" testListId="8c84fa94-04c1-424b-9868-57a2d4851a1d" relativeResultsDirectory="96613972-ad51-4a8f-8af4-7a907dce2cb0">
    </UnitTestResult>
    <UnitTestResult executionId="e1591d02-6627-4fda-8843-175c3b3b9138" testId="a6209171-6d87-2e8c-6f8d-34bb86e156d6" testName="TestLoad" computerName="PC7698" duration="00:00:00.0025947" startTime="2013-12-18T18:32:03.7157574+01:00" endTime="2013-12-18T18:32:03.7157574+01:00" testType="13cdc9d9-ddb5-4fa4-a97d-d965ccfc6d4b" outcome="Passed" testListId="8c84fa94-04c1-424b-9868-57a2d4851a1d" relativeResultsDirectory="e1591d02-6627-4fda-8843-175c3b3b9138">
    </UnitTestResult>
    <UnitTestResult executionId="9d2de48f-1d1a-4791-8b83-24d08ca6a926" testId="c295c8eb-c794-9b4a-b0f3-786b6ef5d0d3" testName="TestThereAreRedirections" computerName="PC7698" duration="00:00:00.0030593" startTime="2013-12-18T18:32:03.7313616+01:00" endTime="2013-12-18T18:32:03.7469658+01:00" testType="13cdc9d9-ddb5-4fa4-a97d-d965ccfc6d4b" outcome="Passed" testListId="8c84fa94-04c1-424b-9868-57a2d4851a1d" relativeResultsDirectory="9d2de48f-1d1a-4791-8b83-24d08ca6a926">
    </UnitTestResult>
    <UnitTestResult executionId="514a519e-0e92-48f4-9038-9d43aa8fc655" testId="f715f6e9-b44b-72a9-ec51-28fbf72e72ee" testName="SuggestAndApplyTest" computerName="PC7698" duration="00:00:00.0091696" startTime="2013-12-18T18:32:03.7469658+01:00" endTime="2013-12-18T18:32:03.7625700+01:00" testType="13cdc9d9-ddb5-4fa4-a97d-d965ccfc6d4b" outcome="Passed" testListId="8c84fa94-04c1-424b-9868-57a2d4851a1d" relativeResultsDirectory="514a519e-0e92-48f4-9038-9d43aa8fc655">
    </UnitTestResult>
  </Results>
</TestRun>