<?xml version="1.0" encoding="UTF-8"?>
<TestRun id="2a00a17a-3d40-4154-af83-da7ebd1b9ab9" name="another@PHOENIX 2014-01-07 16:20:51" runUser="phoenix\another" xmlns="http://microsoft.com/schemas/VisualStudio/TeamTest/2010">
  <TestSettings name="Local" id="0986dc83-d545-40fe-8404-a61d03624407">
    <Description>Esta es la configuración de pruebas predeterminada para una ejecución de pruebas local.</Description>
    <Deployment enabled="false" runDeploymentRoot="another_PHOENIX 2014-01-07 16_20_51">
      <DeploymentItem filename="C:\Users\another\Documents\Visual Studio 2010\Projects\GacPanel\GacManipulation\bin\Debug\GacManipulation.dll" />
      <DeploymentItem filename="C:\Users\another\Documents\Visual Studio 2010\Projects\GacPanel\packages\Mono.Cecil.0.9.5.4\lib\net40\Mono.Cecil.Rocks.dll" />
      <DeploymentItem filename="C:\Users\another\Documents\Visual Studio 2010\Projects\GacPanel\packages\Mono.Cecil.0.9.5.4\lib\net40\Mono.Cecil.Pdb.dll" />
      <DeploymentItem filename="C:\Users\another\Documents\Visual Studio 2010\Projects\GacPanel\Test\bin\Debug\Mono.Cecil.dll" />
      <DeploymentItem filename="C:\Users\another\Documents\Visual Studio 2010\Projects\GacPanel\packages\Mono.Cecil.0.9.5.4\lib\net40\Mono.Cecil.Mdb.dll" />
    </Deployment>
    <Execution>
      <TestTypeSpecific />
      <AgentRule name="Execution Agents">
      </AgentRule>
    </Execution>
  </TestSettings>
  <Times creation="2014-01-07T16:20:51.1309693+01:00" queuing="2014-01-07T16:20:54.9359693+01:00" start="2014-01-07T16:20:55.3029693+01:00" finish="2014-01-07T16:21:50.1379693+01:00" />
  <ResultSummary outcome="Error">
    <Counters total="1" executed="1" error="0" failed="0" timeout="0" aborted="1" inconclusive="0" passedButRunAborted="0" notRunnable="0" notExecuted="0" disconnected="0" warning="0" passed="0" completed="0" inProgress="0" pending="0" />
    <RunInfos>
      <RunInfo computerName="PHOENIX" outcome="Error" timestamp="2014-01-07T16:21:50.1339693+01:00">
        <Text>El proceso del host de pruebas terminó inesperadamente.</Text>
      </RunInfo>
    </RunInfos>
  </ResultSummary>
  <TestDefinitions>
    <UnitTest name="ListAssembliesTest" storage="c:\users\another\documents\visual studio 2010\projects\gacpanel\test\bin\debug\test.dll" id="296fa24f-ab28-d228-8d2d-3906d59a7c11">
      <Execution id="49f3962c-4c82-423e-aee7-a1d2e108d377" />
      <TestMethod codeBase="C:/Users/another/Documents/Visual Studio 2010/Projects/GacPanel/Test/bin/Debug/Test.DLL" adapterTypeName="Microsoft.VisualStudio.TestTools.TestTypes.Unit.UnitTestAdapter, Microsoft.VisualStudio.QualityTools.Tips.UnitTest.Adapter, Version=10.0.0.0, Culture=neutral, PublicKeyToken=b03f5f7f11d50a3a" className="Test.GacTest, Test, Version=1.0.0.0, Culture=neutral, PublicKeyToken=null" name="ListAssembliesTest" />
    </UnitTest>
  </TestDefinitions>
  <TestLists>
    <TestList name="Resultados que no están en la lista" id="8c84fa94-04c1-424b-9868-57a2d4851a1d" />
    <TestList name="Todos los resultados cargados" id="19431567-8539-422a-85d7-44ee4e166bda" />
  </TestLists>
  <TestEntries>
    <TestEntry testId="296fa24f-ab28-d228-8d2d-3906d59a7c11" executionId="49f3962c-4c82-423e-aee7-a1d2e108d377" testListId="8c84fa94-04c1-424b-9868-57a2d4851a1d" />
  </TestEntries>
  <Results>
    <UnitTestResult executionId="49f3962c-4c82-423e-aee7-a1d2e108d377" testId="296fa24f-ab28-d228-8d2d-3906d59a7c11" testName="ListAssembliesTest" computerName="PHOENIX" duration="00:00:54.5630000" startTime="2014-01-07T16:20:55.5749693+01:00" endTime="2014-01-07T16:21:50.1379693+01:00" testType="13cdc9d9-ddb5-4fa4-a97d-d965ccfc6d4b" outcome="Aborted" testListId="8c84fa94-04c1-424b-9868-57a2d4851a1d" relativeResultsDirectory="49f3962c-4c82-423e-aee7-a1d2e108d377">
    </UnitTestResult>
  </Results>
</TestRun>